<?xml version="1.0" encoding="UTF-8"?>
<testsuite xmlns:xsi="http://www.w3.org/2001/XMLSchema-instance" xsi:noNamespaceSchemaLocation="https://maven.apache.org/surefire/maven-surefire-plugin/xsd/surefire-test-report.xsd" name="sprint3.CourierCreateTest" time="6.682" tests="3" errors="0" skipped="0" failures="1">
  <properties>
[...]
</properties>
  <testcase name="incompleteRequest" classname="sprint3.CourierCreateTest" time="4.343"/>
  <testcase name="duplicateCourier" classname="sprint3.CourierCreateTest" time="1.297">
    <failure message="1 expectation failed.&#10;JSON path message doesn&apos;t match.&#10;Expected: Этот логин уже используется&#10;  Actual: Этот логин уже используется. Попробуйте другой.&#10;" type="java.lang.AssertionError">java.lang.AssertionError: 
1 expectation failed.
JSON path message doesn't match.
Expected: Этот логин уже используется
  Actual: Этот логин уже используется. Попробуйте другой.

	at sprint3.CourierCreateTest.duplicateCourier(CourierCreateTest.java:56)
</failure>
  </testcase>
  <testcase name="createCourier" classname="sprint3.CourierCreateTest" time="0.835"/>
</testsuite>